<?xml version="1.0" encoding="UTF-8"?>
<testng-results ignored="0" total="1" passed="1" failed="0" skipped="0">
  <reporter-output>
  </reporter-output>
  <suite started-at="2025-06-11T09:58:38 IST" name="Default suite" finished-at="2025-06-11T09:59:40 IST" duration-ms="62010">
    <groups>
    </groups>
    <test started-at="2025-06-11T09:58:38 IST" name="Default test" finished-at="2025-06-11T09:59:40 IST" duration-ms="62010">
      <class name="TestPackage.TestClass">
        <test-method is-config="true" signature="init()[pri:0, instance:TestPackage.TestClass@313b2ea6]" started-at="2025-06-11T09:58:38 IST" name="init" finished-at="2025-06-11T09:59:25 IST" duration-ms="47516" status="PASS">
          <reporter-output>
          </reporter-output>
        </test-method> <!-- init -->
        <test-method signature="login()[pri:0, instance:TestPackage.TestClass@313b2ea6]" started-at="2025-06-11T09:59:25 IST" name="login" finished-at="2025-06-11T09:59:40 IST" duration-ms="14443" status="PASS">
          <reporter-output>
          </reporter-output>
        </test-method> <!-- login -->
      </class> <!-- TestPackage.TestClass -->
    </test> <!-- Default test -->
  </suite> <!-- Default suite -->
</testng-results>
